Flow report for keyboard
Thu Jun 01 19:47:06 2017
Quartus II Version 9.1 Build 350 03/24/2010 Service Pack 2 SJ Full Version


---------------------
; Table of Contents ;
---------------------
  1. Legal Notice
  2. Flow Summary
  3. Flow Settings
  4. Flow Non-Default Global Settings
  5. Flow Elapsed Time
  6. Flow OS Summary
  7. Flow Log



----------------
; Legal Notice ;
----------------
Copyright (C) 1991-2010 Altera Corporation
Your use of Altera Corporation's design tools, logic functions 
and other software and tools, and its AMPP partner logic 
functions, and any output files from any of the foregoing 
(including device programming or simulation files), and any 
associated documentation or information are expressly subject 
to the terms and conditions of the Altera Program License 
Subscription Agreement, Altera MegaCore Function License 
Agreement, or other applicable license agreement, including, 
without limitation, that your use is for the sole purpose of 
programming logic devices manufactured by Altera and sold by 
Altera or its authorized distributors.  Please refer to the 
applicable agreement for further details.



+-------------------------------------------------------------------------+
; Flow Summary                                                            ;
+-------------------------+-----------------------------------------------+
; Flow Status             ; Successful - Thu Jun 01 19:47:06 2017         ;
; Quartus II Version      ; 9.1 Build 350 03/24/2010 SP 2 SJ Full Version ;
; Revision Name           ; keyboard                                      ;
; Top-level Entity Name   ; keyboard                                      ;
; Family                  ; Cyclone II                                    ;
; Device                  ; EP2C20Q240C8                                  ;
; Timing Models           ; Final                                         ;
; Met timing requirements ; N/A                                           ;
+-------------------------+-----------------------------------------------+


+-----------------------------------------+
; Flow Settings                           ;
+-------------------+---------------------+
; Option            ; Setting             ;
+-------------------+---------------------+
; Start date & time ; 06/01/2017 19:47:04 ;
; Main task         ; Compilation         ;
; Revision Name     ; keyboard            ;
+-------------------+---------------------+


+---------------------------------------------------------------------------------------------------------------------------------------------------------------------------+
; Flow Non-Default Global Settings                                                                                                                                          ;
+------------------------------------+----------------------------------------------------------------------+------------------------------+-------------+------------------+
; Assignment Name                    ; Value                                                                ; Default Value                ; Entity Name ; Section Id       ;
+------------------------------------+----------------------------------------------------------------------+------------------------------+-------------+------------------+
; COMPILER_SIGNATURE_ID              ; 141317082134075.149633202409468                                      ; --                           ; --          ; --               ;
; ENABLE_SIGNALTAP                   ; On                                                                   ; --                           ; --          ; --               ;
; FMAX_REQUIREMENT                   ; 42.5 MHz                                                             ; --                           ; --          ; --               ;
; INCREMENTAL_COMPILATION            ; Off                                                                  ; FULL_INCREMENTAL_COMPILATION ; --          ; --               ;
; IP_TOOL_NAME                       ; LPM_COUNTER                                                          ; --                           ; --          ; --               ;
; IP_TOOL_NAME                       ; LPM_COUNTER                                                          ; --                           ; --          ; --               ;
; IP_TOOL_NAME                       ; ALTPLL                                                               ; --                           ; --          ; --               ;
; IP_TOOL_VERSION                    ; 9.1                                                                  ; --                           ; --          ; --               ;
; IP_TOOL_VERSION                    ; 9.1                                                                  ; --                           ; --          ; --               ;
; IP_TOOL_VERSION                    ; 9.1                                                                  ; --                           ; --          ; --               ;
; MAX_CORE_JUNCTION_TEMP             ; 85                                                                   ; --                           ; --          ; --               ;
; MIN_CORE_JUNCTION_TEMP             ; 0                                                                    ; --                           ; --          ; --               ;
; MISC_FILE                          ; lclk.bsf                                                             ; --                           ; --          ; --               ;
; MISC_FILE                          ; lclk_bb.v                                                            ; --                           ; --          ; --               ;
; MISC_FILE                          ; debounce_clk.bsf                                                     ; --                           ; --          ; --               ;
; MISC_FILE                          ; debounce_clk_bb.v                                                    ; --                           ; --          ; --               ;
; MISC_FILE                          ; C:/Users/Володимир/Desktop/keyboard_5/keyboard/keyboard.dpf          ; --                           ; --          ; --               ;
; MISC_FILE                          ; C:/Users/Володимир/Desktop/Практика/keyboard_5/keyboard/keyboard.dpf ; --                           ; --          ; --               ;
; MISC_FILE                          ; altpll0.bsf                                                          ; --                           ; --          ; --               ;
; MISC_FILE                          ; altpll0_bb.v                                                         ; --                           ; --          ; --               ;
; MISC_FILE                          ; altpll0.ppf                                                          ; --                           ; --          ; --               ;
; SLD_NODE_CREATOR_ID                ; 110                                                                  ; --                           ; --          ; auto_signaltap_0 ;
; SLD_NODE_ENTITY_NAME               ; sld_signaltap                                                        ; --                           ; --          ; auto_signaltap_0 ;
; SLD_NODE_PARAMETER_ASSIGNMENT      ; SLD_NODE_INFO=805334528                                              ; --                           ; --          ; auto_signaltap_0 ;
; SLD_NODE_PARAMETER_ASSIGNMENT      ; SLD_POWER_UP_TRIGGER=0                                               ; --                           ; --          ; auto_signaltap_0 ;
; SLD_NODE_PARAMETER_ASSIGNMENT      ; SLD_STORAGE_QUALIFIER_INVERSION_MASK_LENGTH=0                        ; --                           ; --          ; auto_signaltap_0 ;
; SLD_NODE_PARAMETER_ASSIGNMENT      ; SLD_ATTRIBUTE_MEM_MODE=OFF                                           ; --                           ; --          ; auto_signaltap_0 ;
; SLD_NODE_PARAMETER_ASSIGNMENT      ; SLD_STATE_FLOW_USE_GENERATED=0                                       ; --                           ; --          ; auto_signaltap_0 ;
; SLD_NODE_PARAMETER_ASSIGNMENT      ; SLD_STATE_BITS=11                                                    ; --                           ; --          ; auto_signaltap_0 ;
; SLD_NODE_PARAMETER_ASSIGNMENT      ; SLD_BUFFER_FULL_STOP=1                                               ; --                           ; --          ; auto_signaltap_0 ;
; SLD_NODE_PARAMETER_ASSIGNMENT      ; SLD_CURRENT_RESOURCE_WIDTH=1                                         ; --                           ; --          ; auto_signaltap_0 ;
; SLD_NODE_PARAMETER_ASSIGNMENT      ; SLD_TRIGGER_LEVEL=1                                                  ; --                           ; --          ; auto_signaltap_0 ;
; SLD_NODE_PARAMETER_ASSIGNMENT      ; SLD_TRIGGER_IN_ENABLED=0                                             ; --                           ; --          ; auto_signaltap_0 ;
; SLD_NODE_PARAMETER_ASSIGNMENT      ; SLD_ADVANCED_TRIGGER_ENTITY=basic,1,                                 ; --                           ; --          ; auto_signaltap_0 ;
; SLD_NODE_PARAMETER_ASSIGNMENT      ; SLD_TRIGGER_LEVEL_PIPELINE=1                                         ; --                           ; --          ; auto_signaltap_0 ;
; SLD_NODE_PARAMETER_ASSIGNMENT      ; SLD_ENABLE_ADVANCED_TRIGGER=0                                        ; --                           ; --          ; auto_signaltap_0 ;
; SLD_NODE_PARAMETER_ASSIGNMENT      ; SLD_SEGMENT_SIZE=16384                                               ; --                           ; --          ; auto_signaltap_0 ;
; SLD_NODE_PARAMETER_ASSIGNMENT      ; SLD_SAMPLE_DEPTH=16384                                               ; --                           ; --          ; auto_signaltap_0 ;
; SLD_NODE_PARAMETER_ASSIGNMENT      ; SLD_DATA_BITS=5                                                      ; --                           ; --          ; auto_signaltap_0 ;
; SLD_NODE_PARAMETER_ASSIGNMENT      ; SLD_TRIGGER_BITS=5                                                   ; --                           ; --          ; auto_signaltap_0 ;
; SLD_NODE_PARAMETER_ASSIGNMENT      ; SLD_INVERSION_MASK=0000000000000000000000000000000000000000000       ; --                           ; --          ; auto_signaltap_0 ;
; SLD_NODE_PARAMETER_ASSIGNMENT      ; SLD_INVERSION_MASK_LENGTH=43                                         ; --                           ; --          ; auto_signaltap_0 ;
; SLD_NODE_PARAMETER_ASSIGNMENT      ; SLD_NODE_CRC_HIWORD=44366                                            ; --                           ; --          ; auto_signaltap_0 ;
; SLD_NODE_PARAMETER_ASSIGNMENT      ; SLD_NODE_CRC_LOWORD=35825                                            ; --                           ; --          ; auto_signaltap_0 ;
; USE_GENERATED_PHYSICAL_CONSTRAINTS ; Off                                                                  ; --                           ; --          ; eda_blast_fpga   ;
; USE_SIGNALTAP_FILE                 ; stp1.stp                                                             ; --                           ; --          ; --               ;
+------------------------------------+----------------------------------------------------------------------+------------------------------+-------------+------------------+


+----------------------------------------------------------------------------------------------------------------------------+
; Flow Elapsed Time                                                                                                          ;
+------------------------+--------------+-------------------------+---------------------+------------------------------------+
; Module Name            ; Elapsed Time ; Average Processors Used ; Peak Virtual Memory ; Total CPU Time (on all processors) ;
+------------------------+--------------+-------------------------+---------------------+------------------------------------+
; Analysis & Elaboration ; 00:00:03     ; 1.0                     ; 256 MB              ; 00:00:02                           ;
; Total                  ; 00:00:03     ; --                      ; --                  ; 00:00:02                           ;
+------------------------+--------------+-------------------------+---------------------+------------------------------------+


+-----------------------------------------------------------------------------------------+
; Flow OS Summary                                                                         ;
+------------------------+------------------+---------------+------------+----------------+
; Module Name            ; Machine Hostname ; OS Name       ; OS Version ; Processor type ;
+------------------------+------------------+---------------+------------+----------------+
; Analysis & Elaboration ; Gotzef           ; Windows Vista ; 6.2        ; x86_64         ;
+------------------------+------------------+---------------+------------+----------------+


------------
; Flow Log ;
------------
quartus_map --read_settings_files=on --write_settings_files=off keyboard -c keyboard --analysis_and_elaboration



